2023-07-08T04:10:23+00:00 CRITICAL Uncaught Error: Undefined constant PDO::MYSQL_ATTR_INIT_COMMAND in /var/www/html/wp-content/plugins/mailpoet/lib/Doctrine/ConnectionFactory.php:85
Stack trace:
#0 /var/www/html/wp-content/plugins/mailpoet/lib/Doctrine/ConnectionFactory.php(45): MailPoet\Doctrine\ConnectionFactory->getDriverOptions('+00:00', 'utf8mb4', 'utf8mb4_unicode...')
#1 /var/www/html/wp-content/plugins/mailpoet/generated/FreeCachedContainer.php(559): MailPoet\Doctrine\ConnectionFactory->createConnection()
#2 /var/www/html/wp-content/plugins/mailpoet/generated/FreeCachedContainer.php(2778): MailPoetGenerated\FreeCachedContainer->getConnectionService()
#3 /var/www/html/wp-content/plugins/mailpoet/generated/FreeCachedContainer.php(569): MailPoetGenerated\FreeCachedContainer->getEntityManagerFactoryService()
#4 /var/www/html/wp-content/plugins/mailpoet/generated/FreeCachedContainer.php(2746): MailPoetGenerated\FreeCachedContainer->getEntityManagerService()
#5 /var/www/html/wp-content/plugins/mailpoet/generated/FreeCachedContainer.php(909): MailPoetGenerated\FreeCachedContainer->getCustomFieldsRepositoryService()
#6 /var/www/html/wp-content/plugins/mailpoet/generated/FreeCachedContainer.php(899): MailPoetGenerated\FreeCachedContainer->getCustomFields2Service()
#7 /var/www/html/wp-content/plugins/mailpoet/vendor-prefixed/symfony/dependency-injection/Container.php(122): MailPoetGenerated\FreeCachedContainer->getAPI2Service()
#8 /var/www/html/wp-content/plugins/mailpoet/vendor-prefixed/symfony/dependency-injection/Container.php(110): MailPoetVendor\Symfony\Component\DependencyInjection\Container->make('MailPoet\\API\\MP...', 1)
#9 /var/www/html/wp-content/plugins/mailpoet/lib/DI/ContainerWrapper.php(39): MailPoetVendor\Symfony\Component\DependencyInjection\Container->get('MailPoet\\API\\MP...')
#10 /var/www/html/wp-content/plugins/mailpoet/lib/API/API.php(20): MailPoet\DI\ContainerWrapper->get('MailPoet\\API\\MP...')
#11 /var/www/html/wp-content/plugins/woocommerce/src/Admin/Marketing/InstalledExtensions.php(367): MailPoet\API\API::MP('v1')
#12 /var/www/html/wp-content/plugins/woocommerce/src/Admin/Marketing/InstalledExtensions.php(31): Automattic\WooCommerce\Admin\Marketing\InstalledExtensions::get_mailpoet_extension_data()
#13 /var/www/html/wp-content/plugins/woocommerce/src/Internal/Admin/Marketing.php(155): Automattic\WooCommerce\Admin\Marketing\InstalledExtensions::get_data()
#14 /var/www/html/wp-includes/class-wp-hook.php(308): Automattic\WooCommerce\Internal\Admin\Marketing->component_settings(Array)
#15 /var/www/html/wp-includes/plugin.php(205): WP_Hook->apply_filters(Array, Array)
#16 /var/www/html/wp-content/plugins/woocommerce/src/Internal/Admin/WCAdminSharedSettings.php(61): apply_filters('woocommerce_adm...', Array)
#17 /var/www/html/wp-content/plugins/woocommerce/packages/woocommerce-blocks/src/Assets/AssetDataRegistry.php(282): Automattic\WooCommerce\Internal\Admin\WCAdminSharedSettings->Automattic\WooCommerce\Internal\Admin\{closure}()
#18 /var/www/html/wp-content/plugins/woocommerce/packages/woocommerce-blocks/src/Assets/AssetDataRegistry.php(383): Automattic\WooCommerce\Blocks\Assets\AssetDataRegistry->execute_lazy_data()
#19 /var/www/html/wp-includes/class-wp-hook.php(308): Automattic\WooCommerce\Blocks\Assets\AssetDataRegistry->enqueue_asset_data('')
#20 /var/www/html/wp-includes/class-wp-hook.php(332): WP_Hook->apply_filters('', Array)
#21 /var/www/html/wp-includes/plugin.php(517): WP_Hook->do_action(Array)
#22 /var/www/html/wp-admin/admin-footer.php(95): do_action('admin_print_foo...')
#23 /var/www/html/wp-admin/admin.php(297): require_once('/var/www/html/w...')
#24 {main}
  thrown in /var/www/html/wp-content/plugins/mailpoet/lib/Doctrine/ConnectionFactory.php on line 85

2023-07-08T04:16:54+00:00 CRITICAL Uncaught Error: Undefined constant PDO::MYSQL_ATTR_INIT_COMMAND in /var/www/html/wp-content/plugins/mailpoet/lib/Doctrine/ConnectionFactory.php:85
Stack trace:
#0 /var/www/html/wp-content/plugins/mailpoet/lib/Doctrine/ConnectionFactory.php(45): MailPoet\Doctrine\ConnectionFactory->getDriverOptions('+00:00', 'utf8mb4', 'utf8mb4_unicode...')
#1 /var/www/html/wp-content/plugins/mailpoet/generated/FreeCachedContainer.php(559): MailPoet\Doctrine\ConnectionFactory->createConnection()
#2 /var/www/html/wp-content/plugins/mailpoet/generated/FreeCachedContainer.php(2778): MailPoetGenerated\FreeCachedContainer->getConnectionService()
#3 /var/www/html/wp-content/plugins/mailpoet/generated/FreeCachedContainer.php(569): MailPoetGenerated\FreeCachedContainer->getEntityManagerFactoryService()
#4 /var/www/html/wp-content/plugins/mailpoet/generated/FreeCachedContainer.php(2746): MailPoetGenerated\FreeCachedContainer->getEntityManagerService()
#5 /var/www/html/wp-content/plugins/mailpoet/generated/FreeCachedContainer.php(909): MailPoetGenerated\FreeCachedContainer->getCustomFieldsRepositoryService()
#6 /var/www/html/wp-content/plugins/mailpoet/generated/FreeCachedContainer.php(899): MailPoetGenerated\FreeCachedContainer->getCustomFields2Service()
#7 /var/www/html/wp-content/plugins/mailpoet/vendor-prefixed/symfony/dependency-injection/Container.php(122): MailPoetGenerated\FreeCachedContainer->getAPI2Service()
#8 /var/www/html/wp-content/plugins/mailpoet/vendor-prefixed/symfony/dependency-injection/Container.php(110): MailPoetVendor\Symfony\Component\DependencyInjection\Container->make('MailPoet\\API\\MP...', 1)
#9 /var/www/html/wp-content/plugins/mailpoet/lib/DI/ContainerWrapper.php(39): MailPoetVendor\Symfony\Component\DependencyInjection\Container->get('MailPoet\\API\\MP...')
#10 /var/www/html/wp-content/plugins/mailpoet/lib/API/API.php(20): MailPoet\DI\ContainerWrapper->get('MailPoet\\API\\MP...')
#11 /var/www/html/wp-content/plugins/woocommerce/src/Admin/Marketing/InstalledExtensions.php(367): MailPoet\API\API::MP('v1')
#12 /var/www/html/wp-content/plugins/woocommerce/src/Admin/Marketing/InstalledExtensions.php(31): Automattic\WooCommerce\Admin\Marketing\InstalledExtensions::get_mailpoet_extension_data()
#13 /var/www/html/wp-content/plugins/woocommerce/src/Internal/Admin/Marketing.php(155): Automattic\WooCommerce\Admin\Marketing\InstalledExtensions::get_data()
#14 /var/www/html/wp-includes/class-wp-hook.php(308): Automattic\WooCommerce\Internal\Admin\Marketing->component_settings(Array)
#15 /var/www/html/wp-includes/plugin.php(205): WP_Hook->apply_filters(Array, Array)
#16 /var/www/html/wp-content/plugins/woocommerce/src/Internal/Admin/WCAdminSharedSettings.php(61): apply_filters('woocommerce_adm...', Array)
#17 /var/www/html/wp-content/plugins/woocommerce/packages/woocommerce-blocks/src/Assets/AssetDataRegistry.php(282): Automattic\WooCommerce\Internal\Admin\WCAdminSharedSettings->Automattic\WooCommerce\Internal\Admin\{closure}()
#18 /var/www/html/wp-content/plugins/woocommerce/packages/woocommerce-blocks/src/Assets/AssetDataRegistry.php(383): Automattic\WooCommerce\Blocks\Assets\AssetDataRegistry->execute_lazy_data()
#19 /var/www/html/wp-includes/class-wp-hook.php(308): Automattic\WooCommerce\Blocks\Assets\AssetDataRegistry->enqueue_asset_data('')
#20 /var/www/html/wp-includes/class-wp-hook.php(332): WP_Hook->apply_filters('', Array)
#21 /var/www/html/wp-includes/plugin.php(517): WP_Hook->do_action(Array)
#22 /var/www/html/wp-admin/admin-footer.php(95): do_action('admin_print_foo...')
#23 /var/www/html/wp-admin/admin.php(297): require_once('/var/www/html/w...')
#24 {main}
  thrown in /var/www/html/wp-content/plugins/mailpoet/lib/Doctrine/ConnectionFactory.php on line 85

2023-07-08T04:19:14+00:00 CRITICAL Uncaught Error: Undefined constant PDO::MYSQL_ATTR_INIT_COMMAND in /var/www/html/wp-content/plugins/mailpoet/lib/Doctrine/ConnectionFactory.php:85
Stack trace:
#0 /var/www/html/wp-content/plugins/mailpoet/lib/Doctrine/ConnectionFactory.php(45): MailPoet\Doctrine\ConnectionFactory->getDriverOptions('+00:00', 'utf8mb4', 'utf8mb4_unicode...')
#1 /var/www/html/wp-content/plugins/mailpoet/generated/FreeCachedContainer.php(559): MailPoet\Doctrine\ConnectionFactory->createConnection()
#2 /var/www/html/wp-content/plugins/mailpoet/generated/FreeCachedContainer.php(2778): MailPoetGenerated\FreeCachedContainer->getConnectionService()
#3 /var/www/html/wp-content/plugins/mailpoet/generated/FreeCachedContainer.php(569): MailPoetGenerated\FreeCachedContainer->getEntityManagerFactoryService()
#4 /var/www/html/wp-content/plugins/mailpoet/generated/FreeCachedContainer.php(2746): MailPoetGenerated\FreeCachedContainer->getEntityManagerService()
#5 /var/www/html/wp-content/plugins/mailpoet/generated/FreeCachedContainer.php(909): MailPoetGenerated\FreeCachedContainer->getCustomFieldsRepositoryService()
#6 /var/www/html/wp-content/plugins/mailpoet/generated/FreeCachedContainer.php(899): MailPoetGenerated\FreeCachedContainer->getCustomFields2Service()
#7 /var/www/html/wp-content/plugins/mailpoet/vendor-prefixed/symfony/dependency-injection/Container.php(122): MailPoetGenerated\FreeCachedContainer->getAPI2Service()
#8 /var/www/html/wp-content/plugins/mailpoet/vendor-prefixed/symfony/dependency-injection/Container.php(110): MailPoetVendor\Symfony\Component\DependencyInjection\Container->make('MailPoet\\API\\MP...', 1)
#9 /var/www/html/wp-content/plugins/mailpoet/lib/DI/ContainerWrapper.php(39): MailPoetVendor\Symfony\Component\DependencyInjection\Container->get('MailPoet\\API\\MP...')
#10 /var/www/html/wp-content/plugins/mailpoet/lib/API/API.php(20): MailPoet\DI\ContainerWrapper->get('MailPoet\\API\\MP...')
#11 /var/www/html/wp-content/plugins/woocommerce/src/Admin/Marketing/InstalledExtensions.php(367): MailPoet\API\API::MP('v1')
#12 /var/www/html/wp-content/plugins/woocommerce/src/Admin/Marketing/InstalledExtensions.php(31): Automattic\WooCommerce\Admin\Marketing\InstalledExtensions::get_mailpoet_extension_data()
#13 /var/www/html/wp-content/plugins/woocommerce/src/Internal/Admin/Marketing.php(155): Automattic\WooCommerce\Admin\Marketing\InstalledExtensions::get_data()
#14 /var/www/html/wp-includes/class-wp-hook.php(308): Automattic\WooCommerce\Internal\Admin\Marketing->component_settings(Array)
#15 /var/www/html/wp-includes/plugin.php(205): WP_Hook->apply_filters(Array, Array)
#16 /var/www/html/wp-content/plugins/woocommerce/src/Internal/Admin/WCAdminSharedSettings.php(61): apply_filters('woocommerce_adm...', Array)
#17 /var/www/html/wp-content/plugins/woocommerce/packages/woocommerce-blocks/src/Assets/AssetDataRegistry.php(282): Automattic\WooCommerce\Internal\Admin\WCAdminSharedSettings->Automattic\WooCommerce\Internal\Admin\{closure}()
#18 /var/www/html/wp-content/plugins/woocommerce/packages/woocommerce-blocks/src/Assets/AssetDataRegistry.php(383): Automattic\WooCommerce\Blocks\Assets\AssetDataRegistry->execute_lazy_data()
#19 /var/www/html/wp-includes/class-wp-hook.php(308): Automattic\WooCommerce\Blocks\Assets\AssetDataRegistry->enqueue_asset_data('')
#20 /var/www/html/wp-includes/class-wp-hook.php(332): WP_Hook->apply_filters('', Array)
#21 /var/www/html/wp-includes/plugin.php(517): WP_Hook->do_action(Array)
#22 /var/www/html/wp-admin/admin-footer.php(95): do_action('admin_print_foo...')
#23 /var/www/html/wp-admin/admin.php(297): require_once('/var/www/html/w...')
#24 {main}
  thrown in /var/www/html/wp-content/plugins/mailpoet/lib/Doctrine/ConnectionFactory.php on line 85

2023-07-08T12:13:16+00:00 CRITICAL Uncaught Error: Undefined constant PDO::MYSQL_ATTR_INIT_COMMAND in /var/www/html/wp-content/plugins/mailpoet/lib/Doctrine/ConnectionFactory.php:85
Stack trace:
#0 /var/www/html/wp-content/plugins/mailpoet/lib/Doctrine/ConnectionFactory.php(45): MailPoet\Doctrine\ConnectionFactory->getDriverOptions('+00:00', 'utf8mb4', 'utf8mb4_unicode...')
#1 /var/www/html/wp-content/plugins/mailpoet/generated/FreeCachedContainer.php(559): MailPoet\Doctrine\ConnectionFactory->createConnection()
#2 /var/www/html/wp-content/plugins/mailpoet/generated/FreeCachedContainer.php(2778): MailPoetGenerated\FreeCachedContainer->getConnectionService()
#3 /var/www/html/wp-content/plugins/mailpoet/generated/FreeCachedContainer.php(569): MailPoetGenerated\FreeCachedContainer->getEntityManagerFactoryService()
#4 /var/www/html/wp-content/plugins/mailpoet/generated/FreeCachedContainer.php(2746): MailPoetGenerated\FreeCachedContainer->getEntityManagerService()
#5 /var/www/html/wp-content/plugins/mailpoet/generated/FreeCachedContainer.php(909): MailPoetGenerated\FreeCachedContainer->getCustomFieldsRepositoryService()
#6 /var/www/html/wp-content/plugins/mailpoet/generated/FreeCachedContainer.php(899): MailPoetGenerated\FreeCachedContainer->getCustomFields2Service()
#7 /var/www/html/wp-content/plugins/mailpoet/vendor-prefixed/symfony/dependency-injection/Container.php(122): MailPoetGenerated\FreeCachedContainer->getAPI2Service()
#8 /var/www/html/wp-content/plugins/mailpoet/vendor-prefixed/symfony/dependency-injection/Container.php(110): MailPoetVendor\Symfony\Component\DependencyInjection\Container->make('MailPoet\\API\\MP...', 1)
#9 /var/www/html/wp-content/plugins/mailpoet/lib/DI/ContainerWrapper.php(39): MailPoetVendor\Symfony\Component\DependencyInjection\Container->get('MailPoet\\API\\MP...')
#10 /var/www/html/wp-content/plugins/mailpoet/lib/API/API.php(20): MailPoet\DI\ContainerWrapper->get('MailPoet\\API\\MP...')
#11 /var/www/html/wp-content/plugins/woocommerce/src/Admin/Marketing/InstalledExtensions.php(367): MailPoet\API\API::MP('v1')
#12 /var/www/html/wp-content/plugins/woocommerce/src/Admin/Marketing/InstalledExtensions.php(31): Automattic\WooCommerce\Admin\Marketing\InstalledExtensions::get_mailpoet_extension_data()
#13 /var/www/html/wp-content/plugins/woocommerce/src/Internal/Admin/Marketing.php(155): Automattic\WooCommerce\Admin\Marketing\InstalledExtensions::get_data()
#14 /var/www/html/wp-includes/class-wp-hook.php(308): Automattic\WooCommerce\Internal\Admin\Marketing->component_settings(Array)
#15 /var/www/html/wp-includes/plugin.php(205): WP_Hook->apply_filters(Array, Array)
#16 /var/www/html/wp-content/plugins/woocommerce/src/Internal/Admin/WCAdminSharedSettings.php(61): apply_filters('woocommerce_adm...', Array)
#17 /var/www/html/wp-content/plugins/woocommerce/packages/woocommerce-blocks/src/Assets/AssetDataRegistry.php(282): Automattic\WooCommerce\Internal\Admin\WCAdminSharedSettings->Automattic\WooCommerce\Internal\Admin\{closure}()
#18 /var/www/html/wp-content/plugins/woocommerce/packages/woocommerce-blocks/src/Assets/AssetDataRegistry.php(383): Automattic\WooCommerce\Blocks\Assets\AssetDataRegistry->execute_lazy_data()
#19 /var/www/html/wp-includes/class-wp-hook.php(308): Automattic\WooCommerce\Blocks\Assets\AssetDataRegistry->enqueue_asset_data('')
#20 /var/www/html/wp-includes/class-wp-hook.php(332): WP_Hook->apply_filters('', Array)
#21 /var/www/html/wp-includes/plugin.php(517): WP_Hook->do_action(Array)
#22 /var/www/html/wp-admin/admin-footer.php(95): do_action('admin_print_foo...')
#23 /var/www/html/wp-admin/admin.php(297): require_once('/var/www/html/w...')
#24 {main}
  thrown in /var/www/html/wp-content/plugins/mailpoet/lib/Doctrine/ConnectionFactory.php on line 85

